<?xml version="1.0" encoding="UTF-8"?>
<!-- Generated by org.testng.reporters.JUnitReportReporter -->
<testsuite skipped="0" hostname="LVLFCPAB000385" name="Test_Cases.Init" tests="1" failures="0" timestamp="15 Nov 2017 21:28:29 GMT" time="1.524" errors="0">
  <testcase name="Web_Application" time="1.524" classname="Test_Cases.Init"/>
</testsuite> <!-- Test_Cases.Init -->
