<?xml version="1.0" encoding="UTF-8"?>
<!-- Generated by org.testng.reporters.JUnitReportReporter -->
<testsuite skipped="0" hostname="LVLFCPAB000385" name="Test_Cases.Android" tests="1" failures="0" timestamp="15 Nov 2017 21:24:44 GMT" time="0.006" errors="0">
  <testcase name="Web_Application" time="0.006" classname="Test_Cases.Android"/>
</testsuite> <!-- Test_Cases.Android -->
