<?xml version="1.0" encoding="UTF-8"?>
<!-- Generated by org.testng.reporters.JUnitReportReporter -->
<testsuite skipped="0" hostname="LVLFCPAB000385" name="Test_Cases.Web" tests="1" failures="0" timestamp="15 Nov 2017 23:09:56 GMT" time="1.688" errors="0">
  <testcase name="Web_Application" time="1.688" classname="Test_Cases.Web"/>
</testsuite> <!-- Test_Cases.Web -->
